Arguments: 
  C:\Program Files\nodejs\node.exe C:\Program Files (x86)\Yarn\bin\yarn.js add typescrtipt

PATH: 
  C:\Users\ryanp.DESKTOP-J6JM5SI\bin;C:\Users\ryanp.DESKTOP-J6JM5SI\AppData\Local\Programs\Git\mingw64\bin;C:\Users\ryanp.DESKTOP-J6JM5SI\AppData\Local\Programs\Git\usr\local\bin;C:\Users\ryanp.DESKTOP-J6JM5SI\AppData\Local\Programs\Git\usr\bin;C:\Users\ryanp.DESKTOP-J6JM5SI\AppData\Local\Programs\Git\usr\bin;C:\Users\ryanp.DESKTOP-J6JM5SI\AppData\Local\Programs\Git\mingw64\bin;C:\Users\ryanp.DESKTOP-J6JM5SI\AppData\Local\Programs\Git\usr\bin;C:\Users\ryanp.DESKTOP-J6JM5SI\bin;C:\Program Files (x86)\NVIDIA Corporation\PhysX\Common;C:\Windows\system32;C:\Windows;C:\Windows\System32\Wbem;C:\Windows\System32\WindowsPowerShell\v1.0;C:\Windows\System32\OpenSSH;C:\Program Files\nodejs;C:\Program Files (x86)\Yarn\bin;C:\Users\ryanp.DESKTOP-J6JM5SI\.console-ninja\.bin;C:\Users\ryanp.DESKTOP-J6JM5SI\AppData\Local\Microsoft\WindowsApps;C:\Users\ryanp.DESKTOP-J6JM5SI\AppData\Local\Programs\Microsoft VS Code\bin;C:\Users\ryanp.DESKTOP-J6JM5SI\AppData\Local\GitHubDesktop\bin;C:\Users\ryanp.DESKTOP-J6JM5SI\AppData\Local\Programs\Git\cmd;C:\Users\ryanp.DESKTOP-J6JM5SI\AppData\Local\Yarn\bin;C:\Users\ryanp.DESKTOP-J6JM5SI\AppData\Roaming\npm;C:\Users\ryanp.DESKTOP-J6JM5SI\AppData\Local\Programs\Git\usr\bin\vendor_perl;C:\Users\ryanp.DESKTOP-J6JM5SI\AppData\Local\Programs\Git\usr\bin\core_perl

Yarn version: 
  1.22.19

Node version: 
  18.16.0

Platform: 
  win32 x64

Trace: 
  Error: https://registry.yarnpkg.com/typescrtipt: Not found
      at params.callback [as _callback] (C:\Program Files (x86)\Yarn\lib\cli.js:66145:18)
      at self.callback (C:\Program Files (x86)\Yarn\lib\cli.js:140890:22)
      at Request.emit (node:events:513:28)
      at Request.<anonymous> (C:\Program Files (x86)\Yarn\lib\cli.js:141862:10)
      at Request.emit (node:events:513:28)
      at IncomingMessage.<anonymous> (C:\Program Files (x86)\Yarn\lib\cli.js:141784:12)
      at Object.onceWrapper (node:events:627:28)
      at IncomingMessage.emit (node:events:525:35)
      at endReadableNT (node:internal/streams/readable:1359:12)
      at process.processTicksAndRejections (node:internal/process/task_queues:82:21)

npm manifest: 
  {
    "name": "server",
    "version": "1.0.0",
    "description": "",
    "main": "index.js",
    "scripts": {
      "test": "echo \"Error: no test specified\" && exit 1"
    },
    "keywords": [],
    "author": "",
    "license": "ISC",
    "dependencies": {
      "venom-bot": "^5.0.1"
    }
  }

yarn manifest: 
  No manifest

Lockfile: 
  No lockfile
